--------------------------------------------------------------------------------
I1 cache:         16384 B, 64 B, 4-way associative
D1 cache:         16384 B, 64 B, 4-way associative
LL cache:         262144 B, 64 B, 8-way associative
Command:          ./unoptimized/main.exe ./unoptimized/test.wav ./unoptimized/decompressed.wav
Data file:        cachegrind.out.15606
Events recorded:  Ir I1mr ILmr Dr D1mr DLmr Dw D1mw DLmw Bc Bcm Bi Bim
Events shown:     Ir I1mr ILmr Dr D1mr DLmr Dw D1mw DLmw Bc Bcm Bi Bim
Event sort order: Ir I1mr ILmr Dr D1mr DLmr Dw D1mw DLmw Bc Bcm Bi Bim
Thresholds:       0.1 100 100 100 100 100 100 100 100 100 100 100 100
Include dirs:     
User annotated:   
Auto-annotation:  off

--------------------------------------------------------------------------------
         Ir  I1mr  ILmr         Dr   D1mr   DLmr         Dw   D1mw   DLmw         Bc     Bcm        Bi Bim 
--------------------------------------------------------------------------------
214,609,080 1,754 1,538 69,589,618 32,430 31,559 38,902,833 29,678 29,653 25,811,607 413,786 1,502,932 253  PROGRAM TOTALS

--------------------------------------------------------------------------------
        Ir I1mr ILmr        Dr   D1mr   DLmr        Dw   D1mw   DLmw        Bc     Bcm      Bi Bim  file:function
--------------------------------------------------------------------------------
30,410,236    8    8 8,634,996      1      1 5,256,091      0      0 5,631,537      38 375,434   1  ???:fwrite
22,226,300    8    7 4,805,733      0      0 2,252,526      0      0 2,553,207 133,208       0   0  ???:find_codeword
21,775,262    5    5 6,757,827      0      0 5,256,091      0      0 4,129,804      30       0   0  ???:fread
17,318,746    4    4 6,757,583  5,869  5,868 3,003,371 11,733 11,733   750,843  71,253       0   0  ???:decompress
16,294,304    6    6 4,430,312      0      0 1,877,105      0      0 2,553,207 132,760       0   0  ???:compressed_magnitude
16,143,130    5    5 6,382,167 11,734 11,734 2,627,951  5,866  5,866   375,423      20       0   0  ???:compress
11,267,150    8    8 4,130,998      3      2 3,378,775      0      0 1,877,837     220     187   1  ???:_IO_file_xsputn@@GLIBC_2.4
 9,385,710   14   13 4,129,712      2      2   750,857 11,732 11,732   375,423       5       0   0  ???:read_wav
 9,015,574    7    6 4,881,931      1      1 3,754,340      0      0 1,127,591     197       0   0  ???:_IO_file_xsgetn
 8,634,811   10    9 4,129,693 11,734 11,734   375,424      0      0   375,422       6       0   0  ???:write_wav
 8,260,294   20   19 3,754,178     65     64 3,754,146     84     82 5,255,875     304      76  26  ???:memcpy
 7,508,500    3    2 2,252,550      0      0 1,126,275      0      0         0       0       0   0  ???:convert_short_to_big_endian
 7,133,075    2    2 1,877,125      1      0 1,501,700      0      0         0       0       0   0  ???:convert_short_to_little_endian
 5,680,681    2    2 1,326,315      0      0   950,894      0      0   375,421  69,701       0   0  ???:magnitude
 5,631,510    2    1 2,252,604      2      1   750,868      0      0   375,434       0 375,434   1  ???:_IO_sgetn
 5,255,894    2    2   750,842      0      0   750,842      0      0         0       0       0   0  ???:compressed_signum
 5,255,894    2    2   750,842      0      0   750,842      0      0         0       0       0   0  ???:signum
 3,754,959   50   37   751,060     45     24        40      0      0        15       9 750,973  37  ???:???
 1,876,540    2    2   750,616      0      0   750,616      1      1         0       0       0   0  ???:mempcpy
 1,501,860    6    3         0      0      0         0      0      0         0       0       0   0  ???:__aeabi_read_tp

