--------------------------------------------------------------------------------
Command:            ./unoptimized/main.exe ./unoptimized/test.wav ./unoptimized/decompressed.wav
Massif arguments:   (none)
ms_print arguments: massif.out.15283
--------------------------------------------------------------------------------


    MB
1.079^                                                 ::::::::::::::::::::::#
     |                    ::::::::::::::::::::::::::::::                     #
     |                    :               :            :                     #
     |                    :               :            :                     #
     |                    :               :            :                     #
     |                    :               :            :                     #
     |                    :               :            :                     #
     |::::::::::::::::::::@               :            :                     #
     |:                   @               :            :                     #
     |:                   @               :            :                     #
     |:                   @               :            :                     #
     |:                   @               :            :                     #
     |:                   @               :            :                     #
     |:                   @               :            :                     #
     |:                   @               :            :                     #
     |:                   @               :            :                     #
     |:                   @               :            :                     #
     |:                   @               :            :                     #
     |:                   @               :            :                     #
     |:                   @               :            :                     #
   0 +----------------------------------------------------------------------->Mi
     0                                                                   204.6

Number of snapshots: 17
 Detailed snapshots: [4, 11 (peak)]

--------------------------------------------------------------------------------
  n        time(i)         total(B)   useful-heap(B) extra-heap(B)    stacks(B)
--------------------------------------------------------------------------------
  0              0                0                0             0            0
  1        152,044              360              352             8            0
  2        153,840            4,464            4,448            16            0
  3        157,228          755,320          755,290            30            0
  4     60,257,209          755,320          755,290            30            0
100.00% (755,290B) (heap allocation functions) malloc/new/new[], --alloc-fns, etc.
->99.41% (750,842B) 0x10D72: read_wav (in /home/pi/Documents/seng440/unoptimized/main.exe)
| 
->00.59% (4,448B) in 1+ places, all below ms_print's threshold (01.00%)

--------------------------------------------------------------------------------
  n        time(i)         total(B)   useful-heap(B) extra-heap(B)    stacks(B)
--------------------------------------------------------------------------------
  5     60,257,209          751,216          751,194            22            0
  6     60,257,363          750,856          750,842            14            0
  7     60,258,677        1,126,288        1,126,263            25            0
  8    109,566,479        1,127,320        1,127,287            33            0
  9    148,442,171        1,127,680        1,127,639            41            0
 10    148,444,062        1,131,784        1,131,735            49            0
 11    214,553,750        1,131,784        1,131,735            49            0
100.00% (1,131,735B) (heap allocation functions) malloc/new/new[], --alloc-fns, etc.
->66.34% (750,842B) 0x10D72: read_wav (in /home/pi/Documents/seng440/unoptimized/main.exe)
| 
->33.17% (375,421B) 0x110CE: compress (in /home/pi/Documents/seng440/unoptimized/main.exe)
| 
->00.48% (5,472B) in 1+ places, all below ms_print's threshold (01.00%)

--------------------------------------------------------------------------------
  n        time(i)         total(B)   useful-heap(B) extra-heap(B)    stacks(B)
--------------------------------------------------------------------------------
 12    214,553,750        1,127,680        1,127,639            41            0
 13    214,553,904        1,127,320        1,127,287            33            0
 14    214,555,169          376,464          376,445            19            0
 15    214,555,217            1,032            1,024             8            0
 16    214,563,265                0                0             0            0
