--------------------------------------------------------------------------------
I1 cache:         16384 B, 64 B, 4-way associative
D1 cache:         16384 B, 64 B, 4-way associative
LL cache:         262144 B, 64 B, 8-way associative
Command:          ./optimized/main.exe ./optimized/test.wav ./optimized/decompressed.wav
Data file:        cachegrind.out.15432
Events recorded:  Ir I1mr ILmr Dr D1mr DLmr Dw D1mw DLmw Bc Bcm Bi Bim
Events shown:     Ir I1mr ILmr Dr D1mr DLmr Dw D1mw DLmw Bc Bcm Bi Bim
Event sort order: Ir I1mr ILmr Dr D1mr DLmr Dw D1mw DLmw Bc Bcm Bi Bim
Thresholds:       0.1 100 100 100 100 100 100 100 100 100 100 100 100
Include dirs:     
User annotated:   
Auto-annotation:  off

--------------------------------------------------------------------------------
         Ir  I1mr  ILmr         Dr   D1mr   DLmr         Dw   D1mw   DLmw         Bc     Bcm        Bi    Bim 
--------------------------------------------------------------------------------
129,360,007 1,705 1,499 35,574,554 32,316 26,479 24,812,131 29,677 29,652 22,882,952 172,274 1,702,062 64,245  PROGRAM TOTALS

--------------------------------------------------------------------------------
        Ir I1mr ILmr        Dr   D1mr   DLmr        Dw   D1mw   DLmw        Bc     Bcm      Bi    Bim  file:function
--------------------------------------------------------------------------------
30,410,224    8    8 8,634,994      1      1 5,256,089      0      0 5,631,533      36 375,434      1  ???:fwrite
21,775,202    5    5 6,757,817      0      0 5,256,081      0      0 4,129,784      20       0      0  ???:fread
20,648,424   21   21 2,627,972 29,223 24,270 1,126,285 29,332 29,332 1,501,691      96       0      0  ???:main
11,267,150    8    8 4,130,998      3      2 3,378,775      0      0 1,877,837     220     187      1  ???:_IO_file_xsputn@@GLIBC_2.4
 9,015,574    6    6 4,881,931      1      1 3,754,340      0      0 1,127,591     197       0      0  ???:_IO_file_xsgetn
 8,381,458    4    4         0      0      0         0      0      0 2,553,207 132,139       0      0  ???:find_codeword
 8,260,275   19   19 3,754,171     65     64 3,754,139     83     81 5,255,875     308      76     26  ???:memcpy
 5,631,510    2    1 2,252,604      2      1   750,868      0      0   375,434       0 375,434      1  ???:_IO_sgetn
 3,754,959   50   37   751,060     44     24        40      1      0        15       9 750,973     37  ???:???
 3,555,080    3    3   199,130     15      1         0      0      0   375,421  33,215 199,130 63,992  ???:compressed_magnitude
 1,876,540    1    1   750,616      0      0   750,616      1      1         0       0       0      0  ???:mempcpy
 1,501,860    5    3         0      0      0         0      0      0         0       0       0      0  ???:__aeabi_read_tp
 1,501,700    0    0   750,850      0      0         0      0      0         0       0       0      0  ???:convert_short_to_big_endian
 1,501,700    0    0         0      0      0   750,850      0      0         0       0       0      0  ???:convert_short_to_little_endian

