--------------------------------------------------------------------------------
Command:            ./optimized/main.exe ./optimized/test.wav ./optimized/decompressed.wav
Massif arguments:   (none)
ms_print arguments: massif.out.15047
--------------------------------------------------------------------------------


    MB
1.079^                                        :::::::::::::::::::::::::::::::#
     |                           ::::::::::::::                              #
     |                           :       :    :                              #
     |                           :       :    :                              #
     |                           :       :    :                              #
     |                           :       :    :                              #
     |                           :       :    :                              #
     |:::::::::::::::::::::::::::@       :    :                              #
     |:                          @       :    :                              #
     |:                          @       :    :                              #
     |:                          @       :    :                              #
     |:                          @       :    :                              #
     |:                          @       :    :                              #
     |:                          @       :    :                              #
     |:                          @       :    :                              #
     |:                          @       :    :                              #
     |:                          @       :    :                              #
     |:                          @       :    :                              #
     |:                          @       :    :                              #
     |:                          @       :    :                              #
   0 +----------------------------------------------------------------------->Mi
     0                                                                   123.3

Number of snapshots: 17
 Detailed snapshots: [4, 11 (peak)]

--------------------------------------------------------------------------------
  n        time(i)         total(B)   useful-heap(B) extra-heap(B)    stacks(B)
--------------------------------------------------------------------------------
  0              0                0                0             0            0
  1        152,046              360              352             8            0
  2        153,832            4,464            4,448            16            0
  3        156,968          755,320          755,290            30            0
  4     49,745,164          755,320          755,290            30            0
100.00% (755,290B) (heap allocation functions) malloc/new/new[], --alloc-fns, etc.
->99.41% (750,842B) 0x106EA: main (in /home/pi/Documents/seng440/optimized/main.exe)
| 
->00.59% (4,448B) in 1+ places, all below ms_print's threshold (01.00%)

--------------------------------------------------------------------------------
  n        time(i)         total(B)   useful-heap(B) extra-heap(B)    stacks(B)
--------------------------------------------------------------------------------
  5     49,745,164          751,216          751,194            22            0
  6     49,745,318          750,856          750,842            14            0
  7     49,746,626        1,126,288        1,126,263            25            0
  8     63,761,212        1,127,320        1,127,287            33            0
  9     72,578,835        1,127,680        1,127,639            41            0
 10     72,580,716        1,131,784        1,131,735            49            0
 11    129,304,693        1,131,784        1,131,735            49            0
100.00% (1,131,735B) (heap allocation functions) malloc/new/new[], --alloc-fns, etc.
->66.34% (750,842B) 0x106EA: main (in /home/pi/Documents/seng440/optimized/main.exe)
| 
->33.17% (375,421B) 0x10752: main (in /home/pi/Documents/seng440/optimized/main.exe)
| 
->00.48% (5,472B) in 1+ places, all below ms_print's threshold (01.00%)

--------------------------------------------------------------------------------
  n        time(i)         total(B)   useful-heap(B) extra-heap(B)    stacks(B)
--------------------------------------------------------------------------------
 12    129,304,693        1,127,680        1,127,639            41            0
 13    129,304,847        1,127,320        1,127,287            33            0
 14    129,306,110          376,464          376,445            19            0
 15    129,306,156            1,032            1,024             8            0
 16    129,314,204                0                0             0            0
